d:\pratiti training\learn c++\learn c++ 03\x64\debug\vc143.pdb
d:\pratiti training\learn c++\learn c++ 03\x64\debug\vc143.idb
d:\pratiti training\learn c++\learn c++ 03\x64\debug\source08.obj
d:\pratiti training\learn c++\learn c++ 03\x64\debug\source01.obj
d:\pratiti training\learn c++\learn c++ 03\x64\debug\source02.obj
d:\pratiti training\learn c++\learn c++ 03\x64\debug\source03.obj
d:\pratiti training\learn c++\learn c++ 03\x64\debug\source04.obj
d:\pratiti training\learn c++\learn c++ 03\x64\debug\source1.obj
d:\pratiti training\learn c++\learn c++ 03\x64\debug\source2.obj
d:\pratiti training\learn c++\learn c++ 03\x64\debug\source3.obj
d:\pratiti training\learn c++\x64\debug\learn c++ 03.exe
d:\pratiti training\learn c++\learn c++ 03\x64\debug\learn c++ 03.ilk
d:\pratiti training\learn c++\x64\debug\learn c++ 03.pdb
d:\pratiti training\learn c++\learn c++ 03\x64\debug\source01.obj.enc
d:\pratiti training\learn c++\learn c++ 03\x64\debug\source02.obj.enc
d:\pratiti training\learn c++\learn c++ 03\x64\debug\source1.obj.enc
d:\pratiti training\learn c++\learn c++ 03\x64\debug\source2.obj.enc
d:\pratiti training\learn c++\learn c++ 03\x64\debug\source3.obj.enc
d:\pratiti training\learn c++\learn c++ 03\x64\debug\learn c++ 03.tlog\cl.command.1.tlog
d:\pratiti training\learn c++\learn c++ 03\x64\debug\learn c++ 03.tlog\cl.read.1.tlog
d:\pratiti training\learn c++\learn c++ 03\x64\debug\learn c++ 03.tlog\cl.write.1.tlog
d:\pratiti training\learn c++\learn c++ 03\x64\debug\learn c++ 03.tlog\link.command.1.tlog
d:\pratiti training\learn c++\learn c++ 03\x64\debug\learn c++ 03.tlog\link.read.1.tlog
d:\pratiti training\learn c++\learn c++ 03\x64\debug\learn c++ 03.tlog\link.write.1.tlog
