d:\pratiti training\learn c++\learn c++ 03\debug\vc143.pdb
d:\pratiti training\learn c++\learn c++ 03\debug\vc143.idb
d:\pratiti training\learn c++\learn c++ 03\debug\source01.obj
d:\pratiti training\learn c++\learn c++ 03\debug\main.obj
d:\pratiti training\learn c++\learn c++ 03\debug\drive.obj
d:\pratiti training\learn c++\learn c++ 03\debug\cpu.obj
d:\pratiti training\learn c++\learn c++ 03\debug\motherboard.obj
d:\pratiti training\learn c++\learn c++ 03\debug\keyboard.obj
d:\pratiti training\learn c++\learn c++ 03\debug\source04.obj
d:\pratiti training\learn c++\learn c++ 03\debug\source05.obj
d:\pratiti training\learn c++\learn c++ 03\debug\source03.obj
d:\pratiti training\learn c++\learn c++ 03\debug\q1-swap-template.obj
d:\pratiti training\learn c++\learn c++ 03\debug\q2-max-value.obj
d:\pratiti training\learn c++\debug\learn c++ 03.exe
d:\pratiti training\learn c++\learn c++ 03\debug\learn c++ 03.ilk
d:\pratiti training\learn c++\debug\learn c++ 03.pdb
d:\pratiti training\learn c++\learn c++ 03\debug\source05.obj.enc
d:\pratiti training\learn c++\learn c++ 03\debug\learn c++ 03.tlog\cl.command.1.tlog
d:\pratiti training\learn c++\learn c++ 03\debug\learn c++ 03.tlog\cl.read.1.tlog
d:\pratiti training\learn c++\learn c++ 03\debug\learn c++ 03.tlog\cl.write.1.tlog
d:\pratiti training\learn c++\learn c++ 03\debug\learn c++ 03.tlog\link.command.1.tlog
d:\pratiti training\learn c++\learn c++ 03\debug\learn c++ 03.tlog\link.read.1.tlog
d:\pratiti training\learn c++\learn c++ 03\debug\learn c++ 03.tlog\link.write.1.tlog
